{"/home/mao/Projects/bluemix/node/app/controller.js":{"path":"/home/mao/Projects/bluemix/node/app/controller.js","s":{"1":1,"2":1,"3":1,"4":2,"5":2,"6":1,"7":1,"8":1,"9":0,"10":1,"11":1,"12":1,"13":3,"14":3,"15":3,"16":3,"17":1,"18":1,"19":2,"20":3,"21":1},"b":{"1":[1,0],"2":[3,2],"3":[1,2]},"f":{"1":1,"2":0},"fnMap":{"1":{"name":"(anonymous_1)","line":1,"loc":{"start":{"line":1,"column":1},"end":{"line":1,"column":12}}},"2":{"name":"(anonymous_2)","line":15,"loc":{"start":{"line":15,"column":36},"end":{"line":15,"column":47}},"skip":true}},"statementMap":{"1":{"start":{"line":1,"column":0},"end":{"line":43,"column":5}},"2":{"start":{"line":4,"column":2},"end":{"line":4,"column":27}},"3":{"start":{"line":6,"column":2},"end":{"line":9,"column":4}},"4":{"start":{"line":7,"column":4},"end":{"line":7,"column":35}},"5":{"start":{"line":8,"column":4},"end":{"line":8,"column":65}},"6":{"start":{"line":12,"column":2},"end":{"line":20,"column":4}},"7":{"start":{"line":13,"column":4},"end":{"line":13,"column":35}},"8":{"start":{"line":15,"column":4},"end":{"line":17,"column":6},"skip":true},"9":{"start":{"line":16,"column":6},"end":{"line":16,"column":22},"skip":true},"10":{"start":{"line":18,"column":4},"end":{"line":18,"column":66}},"11":{"start":{"line":19,"column":4},"end":{"line":19,"column":15}},"12":{"start":{"line":23,"column":2},"end":{"line":36,"column":4}},"13":{"start":{"line":24,"column":4},"end":{"line":24,"column":77}},"14":{"start":{"line":25,"column":4},"end":{"line":25,"column":26}},"15":{"start":{"line":26,"column":4},"end":{"line":26,"column":30}},"16":{"start":{"line":27,"column":4},"end":{"line":34,"column":5}},"17":{"start":{"line":29,"column":6},"end":{"line":29,"column":25}},"18":{"start":{"line":30,"column":6},"end":{"line":30,"column":29}},"19":{"start":{"line":33,"column":6},"end":{"line":33,"column":22}},"20":{"start":{"line":35,"column":4},"end":{"line":35,"column":105}},"21":{"start":{"line":38,"column":2},"end":{"line":42,"column":4}}},"branchMap":{"1":{"line":15,"type":"binary-expr","locations":[{"start":{"line":15,"column":21},"end":{"line":15,"column":32},"skip":true},{"start":{"line":15,"column":36},"end":{"line":17,"column":5},"skip":true}]},"2":{"line":24,"type":"binary-expr","locations":[{"start":{"line":24,"column":14},"end":{"line":24,"column":44}},{"start":{"line":24,"column":48},"end":{"line":24,"column":76}}]},"3":{"line":27,"type":"if","locations":[{"start":{"line":27,"column":4},"end":{"line":27,"column":4}},{"start":{"line":27,"column":4},"end":{"line":27,"column":4}}]}}},"/home/mao/Projects/bluemix/node/app/server.js":{"path":"/home/mao/Projects/bluemix/node/app/server.js","s":{"1":1,"2":1,"3":1,"4":1,"5":1,"6":1,"7":1,"8":1,"9":1,"10":1,"11":1,"12":1,"13":1,"14":1,"15":1,"16":1,"17":0,"18":1,"19":1,"20":1,"21":0,"22":0,"23":1,"24":1,"25":1,"26":1,"27":1,"28":1},"b":{"1":[0,1],"2":[1,1],"3":[0,1]},"f":{"1":1},"fnMap":{"1":{"name":"(anonymous_1)","line":1,"loc":{"start":{"line":1,"column":1},"end":{"line":1,"column":12}}}},"statementMap":{"1":{"start":{"line":1,"column":0},"end":{"line":48,"column":5}},"2":{"start":{"line":4,"column":2},"end":{"line":4,"column":37}},"3":{"start":{"line":5,"column":2},"end":{"line":5,"column":35}},"4":{"start":{"line":6,"column":2},"end":{"line":6,"column":44}},"5":{"start":{"line":7,"column":2},"end":{"line":7,"column":47}},"6":{"start":{"line":8,"column":2},"end":{"line":8,"column":48}},"7":{"start":{"line":9,"column":2},"end":{"line":9,"column":45}},"8":{"start":{"line":11,"column":2},"end":{"line":11,"column":24}},"9":{"start":{"line":12,"column":2},"end":{"line":12,"column":25}},"10":{"start":{"line":13,"column":2},"end":{"line":13,"column":29}},"11":{"start":{"line":14,"column":2},"end":{"line":16,"column":6}},"12":{"start":{"line":17,"column":2},"end":{"line":17,"column":26}},"13":{"start":{"line":19,"column":2},"end":{"line":19,"column":44}},"14":{"start":{"line":20,"column":2},"end":{"line":20,"column":46}},"15":{"start":{"line":21,"column":2},"end":{"line":21,"column":35}},"16":{"start":{"line":23,"column":2},"end":{"line":25,"column":3}},"17":{"start":{"line":24,"column":4},"end":{"line":24,"column":55}},"18":{"start":{"line":27,"column":2},"end":{"line":27,"column":40}},"19":{"start":{"line":28,"column":2},"end":{"line":37,"column":5}},"20":{"start":{"line":30,"column":4},"end":{"line":36,"column":5}},"21":{"start":{"line":31,"column":6},"end":{"line":31,"column":35},"skip":true},"22":{"start":{"line":32,"column":6},"end":{"line":32,"column":22},"skip":true},"23":{"start":{"line":34,"column":6},"end":{"line":34,"column":69}},"24":{"start":{"line":35,"column":6},"end":{"line":35,"column":63}},"25":{"start":{"line":39,"column":2},"end":{"line":43,"column":4}},"26":{"start":{"line":40,"column":4},"end":{"line":42,"column":7}},"27":{"start":{"line":41,"column":6},"end":{"line":41,"column":40}},"28":{"start":{"line":45,"column":2},"end":{"line":47,"column":4}}},"branchMap":{"1":{"line":23,"type":"if","locations":[{"start":{"line":23,"column":2},"end":{"line":23,"column":2}},{"start":{"line":23,"column":2},"end":{"line":23,"column":2}}]},"2":{"line":27,"type":"binary-expr","locations":[{"start":{"line":27,"column":15},"end":{"line":27,"column":31}},{"start":{"line":27,"column":35},"end":{"line":27,"column":39}}]},"3":{"line":30,"type":"if","locations":[{"start":{"line":30,"column":4},"end":{"line":30,"column":4},"skip":true},{"start":{"line":30,"column":4},"end":{"line":30,"column":4}}]}}}}