TN:
SF:/home/mao/Projects/bluemix/node/app/controller.js
FN:1,(anonymous_1)
FN:15,(anonymous_2)
FNF:2
FNH:2
FNDA:1,(anonymous_1)
FNDA:0,(anonymous_2)
DA:1,1
DA:4,1
DA:6,1
DA:7,2
DA:8,2
DA:12,1
DA:13,1
DA:15,1
DA:16,1
DA:18,1
DA:19,1
DA:23,1
DA:24,3
DA:25,3
DA:26,3
DA:27,3
DA:29,1
DA:30,1
DA:33,2
DA:35,3
DA:38,1
LF:21
LH:21
BRDA:15,1,0,1
BRDA:15,1,1,0
BRDA:24,2,0,3
BRDA:24,2,1,2
BRDA:27,3,0,1
BRDA:27,3,1,2
BRF:6
BRH:6
end_of_record
TN:
SF:/home/mao/Projects/bluemix/node/app/server.js
FN:1,(anonymous_1)
FNF:1
FNH:1
FNDA:1,(anonymous_1)
DA:1,1
DA:4,1
DA:5,1
DA:6,1
DA:7,1
DA:8,1
DA:9,1
DA:11,1
DA:12,1
DA:13,1
DA:14,1
DA:17,1
DA:19,1
DA:20,1
DA:21,1
DA:23,1
DA:24,0
DA:27,1
DA:28,1
DA:30,1
DA:31,1
DA:32,1
DA:34,1
DA:35,1
DA:39,1
DA:40,1
DA:41,1
DA:45,1
LF:28
LH:27
BRDA:23,1,0,0
BRDA:23,1,1,1
BRDA:27,2,0,1
BRDA:27,2,1,1
BRDA:30,3,0,0
BRDA:30,3,1,1
BRF:6
BRH:5
end_of_record
